<?xml version="1.0" encoding="UTF-8"?>
<!-- Generated by org.testng.reporters.JUnitReportReporter -->
<testsuite skipped="0" hostname="Miradels-MacBook-Pro.local" name="com.ethoca.tests.test1" tests="1" failures="0" timestamp="18 Jun 2019 19:18:03 GMT" time="17.005" errors="0">
  <testcase name="test11" time="17.005" classname="com.ethoca.tests.test1"/>
</testsuite> <!-- com.ethoca.tests.test1 -->
