<?xml version="1.0" encoding="UTF-8"?>
<!-- Generated by org.testng.reporters.JUnitReportReporter -->
<testsuite skipped="0" hostname="Miradels-MacBook-Pro.local" name="com.ethoca.tests.test1" tests="1" failures="0" timestamp="24 Jun 2019 00:29:22 GMT" time="14.666" errors="0">
  <testcase name="test11" time="14.666" classname="com.ethoca.tests.test1"/>
</testsuite> <!-- com.ethoca.tests.test1 -->
